Start testing: Feb 15 19:45 JST
----------------------------------------------------------
1/1 Testing: ConfigParserTest
1/1 Test: ConfigParserTest
Command: "/home/yusuke/oss_dev/config_parser/build/config_parser_test"
Directory: /home/yusuke/oss_dev/config_parser/build
"ConfigParserTest" start time: Feb 15 19:45 JST
Output:
----------------------------------------------------------
[==========] Running 3 tests from 1 test suite.
[----------] Global test environment set-up.
[----------] 3 tests from ConfigParserTest
[ RUN      ] ConfigParserTest.ParseValidYAML
[       OK ] ConfigParserTest.ParseValidYAML (0 ms)
[ RUN      ] ConfigParserTest.MissingFile
[       OK ] ConfigParserTest.MissingFile (0 ms)
[ RUN      ] ConfigParserTest.DefaultValues
[       OK ] ConfigParserTest.DefaultValues (0 ms)
[----------] 3 tests from ConfigParserTest (0 ms total)

[----------] Global test environment tear-down
[==========] 3 tests from 1 test suite ran. (0 ms total)
[  PASSED  ] 3 tests.
<end of output>
Test time =   0.00 sec
----------------------------------------------------------
Test Passed.
"ConfigParserTest" end time: Feb 15 19:45 JST
"ConfigParserTest" time elapsed: 00:00:00
----------------------------------------------------------

End testing: Feb 15 19:45 JST
