Start testing: Feb 16 18:39 JST
----------------------------------------------------------
1/1 Testing: ConfigParserTest
1/1 Test: ConfigParserTest
Command: "/home/yusuke/oss_dev/config_parser/build/config_parser_test"
Directory: /home/yusuke/oss_dev/config_parser/build
"ConfigParserTest" start time: Feb 16 18:39 JST
Output:
----------------------------------------------------------
[==========] Running 6 tests from 1 test suite.
[----------] Global test environment set-up.
[----------] 6 tests from ConfigParserTest
[ RUN      ] ConfigParserTest.ParseValidYAML
[       OK ] ConfigParserTest.ParseValidYAML (0 ms)
[ RUN      ] ConfigParserTest.MissingFile
[       OK ] ConfigParserTest.MissingFile (0 ms)
[ RUN      ] ConfigParserTest.BadConversion
[       OK ] ConfigParserTest.BadConversion (0 ms)
[ RUN      ] ConfigParserTest.DefaultValues
[       OK ] ConfigParserTest.DefaultValues (0 ms)
[ RUN      ] ConfigParserTest.PortOutOfRange
[       OK ] ConfigParserTest.PortOutOfRange (0 ms)
[ RUN      ] ConfigParserTest.HostEmpty
/home/yusuke/oss_dev/config_parser/tests/config_parser_test.cpp:40: Failure
Expected: config_parser.validate_config() throws an exception of type std::runtime_error.
  Actual: it throws nothing.
[  FAILED  ] ConfigParserTest.HostEmpty (0 ms)
[----------] 6 tests from ConfigParserTest (0 ms total)

[----------] Global test environment tear-down
[==========] 6 tests from 1 test suite ran. (0 ms total)
[  PASSED  ] 5 tests.
[  FAILED  ] 1 test, listed below:
[  FAILED  ] ConfigParserTest.HostEmpty

 1 FAILED TEST
<end of output>
Test time =   0.00 sec
----------------------------------------------------------
Test Failed.
"ConfigParserTest" end time: Feb 16 18:39 JST
"ConfigParserTest" time elapsed: 00:00:00
----------------------------------------------------------

End testing: Feb 16 18:39 JST
