Start testing: Feb 16 18:11 JST
----------------------------------------------------------
1/1 Testing: ConfigParserTest
1/1 Test: ConfigParserTest
Command: "/home/yusuke/oss_dev/config_parser/build/config_parser_test"
Directory: /home/yusuke/oss_dev/config_parser/build
"ConfigParserTest" start time: Feb 16 18:11 JST
Output:
----------------------------------------------------------
[==========] Running 4 tests from 1 test suite.
[----------] Global test environment set-up.
[----------] 4 tests from ConfigParserTest
[ RUN      ] ConfigParserTest.ParseValidYAML
[       OK ] ConfigParserTest.ParseValidYAML (0 ms)
[ RUN      ] ConfigParserTest.MissingFile
[       OK ] ConfigParserTest.MissingFile (0 ms)
[ RUN      ] ConfigParserTest.BadConversion
[       OK ] ConfigParserTest.BadConversion (0 ms)
[ RUN      ] ConfigParserTest.DefaultValues
[       OK ] ConfigParserTest.DefaultValues (0 ms)
[----------] 4 tests from ConfigParserTest (2 ms total)

[----------] Global test environment tear-down
[==========] 4 tests from 1 test suite ran. (2 ms total)
[  PASSED  ] 4 tests.
<end of output>
Test time =   0.01 sec
----------------------------------------------------------
Test Passed.
"ConfigParserTest" end time: Feb 16 18:11 JST
"ConfigParserTest" time elapsed: 00:00:00
----------------------------------------------------------

End testing: Feb 16 18:11 JST
